{
  "RSpec": {
    "coverage": {
      "/Users/samuelsnider/turing/3module/projects/gods_and_legends/app/models/deity.rb": [
        1,
        1,
        1,
        null,
        1,
        1,
        1,
        1,
        1,
        1,
        1,
        1,
        null,
        1,
        null,
        null,
        null,
        null,
        1,
        1,
        null,
        1,
        0,
        null,
        null,
        null
      ],
      "/Users/samuelsnider/turing/3module/projects/gods_and_legends/app/models/application_record.rb": [
        1,
        1,
        null
      ],
      "/Users/samuelsnider/turing/3module/projects/gods_and_legends/app/helpers/application_helper.rb": [
        1,
        null
      ],
      "/Users/samuelsnider/turing/3module/projects/gods_and_legends/app/services/book_search.rb": [
        1,
        null,
        1,
        0,
        null,
        null,
        null,
        null,
        null,
        null,
        null,
        1,
        2,
        2,
        2,
        2,
        null,
        null,
        null,
        1,
        2,
        2,
        null,
        null,
        1,
        0,
        null,
        null,
        1,
        0,
        0,
        0,
        0,
        null,
        null,
        null,
        null,
        null
      ],
      "/Users/samuelsnider/turing/3module/projects/gods_and_legends/app/models/deity_domain.rb": [
        1,
        1,
        1,
        null
      ],
      "/Users/samuelsnider/turing/3module/projects/gods_and_legends/app/models/domain.rb": [
        1,
        1,
        1,
        null
      ],
      "/Users/samuelsnider/turing/3module/projects/gods_and_legends/app/models/event.rb": [
        1,
        1,
        1,
        null,
        1,
        null
      ],
      "/Users/samuelsnider/turing/3module/projects/gods_and_legends/app/models/mythology.rb": [
        1,
        1,
        null,
        1,
        null,
        1,
        0,
        null,
        null
      ],
      "/Users/samuelsnider/turing/3module/projects/gods_and_legends/app/models/user.rb": [
        1,
        1,
        1,
        null,
        1,
        1,
        null
      ],
      "/Users/samuelsnider/turing/3module/projects/gods_and_legends/app/controllers/sessions_controller.rb": [
        1,
        1,
        null,
        null,
        1,
        1,
        1,
        null,
        0,
        0,
        null,
        null,
        null,
        1,
        1,
        1,
        1,
        null,
        null,
        null,
        1,
        null,
        1,
        1,
        1,
        null,
        0,
        0,
        null,
        null,
        null,
        1,
        1,
        1,
        1,
        null,
        null,
        null
      ],
      "/Users/samuelsnider/turing/3module/projects/gods_and_legends/app/controllers/application_controller.rb": [
        1,
        1,
        1,
        1,
        null,
        1,
        4,
        null,
        null
      ],
      "/Users/samuelsnider/turing/3module/projects/gods_and_legends/app/controllers/dashboard_controller.rb": [
        1,
        1,
        4,
        null,
        null
      ],
      "/Users/samuelsnider/turing/3module/projects/gods_and_legends/app/controllers/users_controller.rb": [
        1,
        1,
        1,
        null,
        null,
        1,
        1,
        1,
        1,
        1,
        1,
        null,
        0,
        0,
        null,
        null,
        null,
        1,
        1,
        1,
        null,
        null
      ],
      "/Users/samuelsnider/turing/3module/projects/gods_and_legends/app/models/event_actor.rb": [
        1,
        1,
        1,
        null
      ],
      "/Users/samuelsnider/turing/3module/projects/gods_and_legends/app/controllers/api/v1/deities_controller.rb": [
        1,
        1,
        1,
        1,
        1,
        null,
        null,
        1,
        1,
        1,
        null,
        null,
        null,
        null
      ],
      "/Users/samuelsnider/turing/3module/projects/gods_and_legends/app/controllers/api/v1/deities/mythologies_controller.rb": [
        1,
        1,
        1,
        1,
        1,
        1,
        1,
        1,
        null,
        null,
        null,
        null,
        null
      ],
      "/Users/samuelsnider/turing/3module/projects/gods_and_legends/app/controllers/api/v1/deities/events_controller.rb": [
        1,
        1,
        1,
        1,
        1,
        1,
        1,
        1,
        null,
        null,
        null,
        null,
        null
      ],
      "/Users/samuelsnider/turing/3module/projects/gods_and_legends/app/models/birth.rb": [
        1,
        1,
        1,
        null
      ],
      "/Users/samuelsnider/turing/3module/projects/gods_and_legends/app/controllers/api/v1/deities/parents_controller.rb": [
        1,
        1,
        1,
        1,
        1,
        1,
        1,
        1,
        null,
        null,
        null,
        null,
        null
      ],
      "/Users/samuelsnider/turing/3module/projects/gods_and_legends/app/controllers/api/v1/deities/children_controller.rb": [
        1,
        1,
        1,
        1,
        1,
        1,
        1,
        1,
        null,
        null,
        null,
        null,
        null
      ],
      "/Users/samuelsnider/turing/3module/projects/gods_and_legends/app/controllers/api/v1/events_controller.rb": [
        1,
        1,
        1,
        1,
        1,
        1,
        null,
        null,
        1,
        1,
        1,
        null,
        null,
        null,
        null
      ],
      "/Users/samuelsnider/turing/3module/projects/gods_and_legends/app/controllers/api/v1/events/deities_controller.rb": [
        1,
        1,
        1,
        1,
        1,
        1,
        1,
        1,
        null,
        null,
        null,
        null,
        null
      ],
      "/Users/samuelsnider/turing/3module/projects/gods_and_legends/app/controllers/api/v1/mythologies_controller.rb": [
        1,
        1,
        1,
        1,
        1,
        1,
        null,
        null,
        1,
        1,
        1,
        null,
        null,
        null,
        null
      ],
      "/Users/samuelsnider/turing/3module/projects/gods_and_legends/app/controllers/api/v1/mythologies/deities_controller.rb": [
        1,
        1,
        1,
        1,
        1,
        1,
        1,
        1,
        null,
        null,
        null,
        null,
        null
      ],
      "/Users/samuelsnider/turing/3module/projects/gods_and_legends/app/channels/application_cable/channel.rb": [
        0,
        0,
        0,
        0
      ],
      "/Users/samuelsnider/turing/3module/projects/gods_and_legends/app/channels/application_cable/connection.rb": [
        0,
        0,
        0,
        0
      ],
      "/Users/samuelsnider/turing/3module/projects/gods_and_legends/app/controllers/api_controller.rb": [
        0,
        0,
        0,
        0
      ],
      "/Users/samuelsnider/turing/3module/projects/gods_and_legends/app/controllers/deities_controller.rb": [
        0,
        0,
        0,
        0,
        null,
        0,
        0,
        0,
        0
      ],
      "/Users/samuelsnider/turing/3module/projects/gods_and_legends/app/controllers/mythologies/deities_controller.rb": [
        0,
        0,
        0,
        0,
        0,
        0,
        0,
        0
      ],
      "/Users/samuelsnider/turing/3module/projects/gods_and_legends/app/controllers/mythologies_controller.rb": [
        0,
        0,
        0,
        0,
        null,
        0,
        0,
        0,
        0
      ],
      "/Users/samuelsnider/turing/3module/projects/gods_and_legends/app/jobs/application_job.rb": [
        0,
        0
      ],
      "/Users/samuelsnider/turing/3module/projects/gods_and_legends/app/mailers/application_mailer.rb": [
        0,
        0,
        0,
        0
      ],
      "/Users/samuelsnider/turing/3module/projects/gods_and_legends/app/models/book.rb": [
        0,
        0,
        0,
        0,
        0,
        0,
        0,
        0,
        0,
        0,
        0,
        null
      ]
    },
    "timestamp": 1510332418
  }
}
